<?xml version="1.0" encoding="UTF-8"?>
<!-- Generated by org.testng.reporters.JUnitReportReporter -->
<testsuite hostname="DESKTOP-3LQC5PV" failures="0" tests="4" name="api.tests.UserTests" time="8.351" errors="0" timestamp="2023-08-21T15:55:38 IST" skipped="0">
  <testcase classname="api.tests.UserTests" name="testPostUser" time="3.935"/>
  <system-out/>
  <testcase classname="api.tests.UserTests" name="testGetUserByName" time="1.121"/>
  <system-out/>
  <testcase classname="api.tests.UserTests" name="testUpdateUserByName" time="2.183"/>
  <system-out/>
  <testcase classname="api.tests.UserTests" name="testDeleteUserByName" time="1.112"/>
  <system-out/>
</testsuite> <!-- api.tests.UserTests -->
