<?xml version="1.0" encoding="UTF-8"?>
<!-- Generated by org.testng.reporters.JUnitReportReporter -->
<testsuite hostname="DESKTOP-3LQC5PV" failures="0" tests="6" name="api.tests.DDTests" time="9.169" errors="0" timestamp="2023-08-21T15:48:36 IST" skipped="0">
  <testcase classname="api.tests.DDTests" name="testPostuser" time="3.442"/>
  <system-out/>
  <testcase classname="api.tests.DDTests" name="testPostuser" time="1.144"/>
  <system-out/>
  <testcase classname="api.tests.DDTests" name="testPostuser" time="1.167"/>
  <system-out/>
  <testcase classname="api.tests.DDTests" name="testDeleteUserByName" time="1.166"/>
  <system-out/>
  <testcase classname="api.tests.DDTests" name="testDeleteUserByName" time="1.135"/>
  <system-out/>
  <testcase classname="api.tests.DDTests" name="testDeleteUserByName" time="1.115"/>
  <system-out/>
</testsuite> <!-- api.tests.DDTests -->
