<?xml version="1.0" encoding="UTF-8"?>
<!-- Generated by org.testng.reporters.JUnitReportReporter -->
<testsuite hostname="DESKTOP-3LQC5PV" failures="0" tests="4" name="api.tests.UserTests" time="12.706" errors="0" timestamp="2023-08-21T17:37:01 IST" skipped="0">
  <testcase classname="api.tests.UserTests" name="testPostUser" time="5.304"/>
  <system-out/>
  <testcase classname="api.tests.UserTests" name="testGetUserByName" time="1.074"/>
  <system-out/>
  <testcase classname="api.tests.UserTests" name="testUpdateUserByName" time="2.182"/>
  <system-out/>
  <testcase classname="api.tests.UserTests" name="testDeleteUserByName" time="4.146"/>
  <system-out/>
</testsuite> <!-- api.tests.UserTests -->
